<?xml version="1.0" encoding="UTF-8"?>
<testng-results skipped="0" failed="0" total="1" passed="1">
  <reporter-output>
  </reporter-output>
  <suite name="Default suite" duration-ms="59594" started-at="2019-03-06T04:45:06Z" finished-at="2019-03-06T04:46:05Z">
    <groups>
      <group name="cucumber">
        <method signature="AbstractTestNGCucumberTests.feature(cucumber.api.testng.CucumberFeatureWrapper)[pri:0, instance:cucumberOption.CucumberTestRunner@2038ae61]" name="feature" class="cucumber.api.testng.AbstractTestNGCucumberTests"/>
      </group> <!-- cucumber -->
    </groups>
    <test name="Default test" duration-ms="59594" started-at="2019-03-06T04:45:06Z" finished-at="2019-03-06T04:46:05Z">
      <class name="cucumberOption.CucumberTestRunner">
        <test-method status="PASS" signature="setUpClass()[pri:0, instance:cucumberOption.CucumberTestRunner@2038ae61]" name="setUpClass" is-config="true" duration-ms="435" started-at="2019-03-06T11:45:06Z" finished-at="2019-03-06T11:45:06Z">
          <reporter-output>
          </reporter-output>
        </test-method> <!-- setUpClass -->
        <test-method status="PASS" signature="feature(cucumber.api.testng.CucumberFeatureWrapper)[pri:0, instance:cucumberOption.CucumberTestRunner@2038ae61]" name="feature" duration-ms="58870" started-at="2019-03-06T11:45:06Z" description="Runs Cucumber Feature" data-provider="features" finished-at="2019-03-06T11:46:05Z">
          <params>
            <param index="0">
              <value>
                <![CDATA[Open app]]>
              </value>
            </param>
          </params>
          <reporter-output>
          </reporter-output>
        </test-method> <!-- feature -->
        <test-method status="PASS" signature="tearDownClass()[pri:0, instance:cucumberOption.CucumberTestRunner@2038ae61]" name="tearDownClass" is-config="true" duration-ms="137" started-at="2019-03-06T11:46:05Z" finished-at="2019-03-06T11:46:05Z">
          <reporter-output>
          </reporter-output>
        </test-method> <!-- tearDownClass -->
      </class> <!-- cucumberOption.CucumberTestRunner -->
    </test> <!-- Default test -->
  </suite> <!-- Default suite -->
</testng-results>
